android/app/build/intermediates/manifest_merge_blame_file/debug/manifest-merger-blame-debug-report.txt
1<?xml version="1.0" encoding="utf-8"?>
2<manifest xmlns:android="http://schemas.android.com/apk/res/android"
3    package="com.meetappr"
4    android:versionCode="1"
5    android:versionName="1.0" >
6
7    <uses-sdk
8        android:minSdkVersion="21"
9        android:targetSdkVersion="30" />
10
11    <uses-permission android:name="android.permission.SYSTEM_ALERT_WINDOW" />
11-->src/main/AndroidManifest.xml:11:5-78
11-->src/main/AndroidManifest.xml:11:22-75
12    <uses-permission android:name="android.permission.INTERNET" />
12-->src/main/AndroidManifest.xml:5:5-67
12-->src/main/AndroidManifest.xml:5:22-64
13    <uses-permission android:name="android.permission.ACCESS_NETWORK_STATE" />
13-->src/main/AndroidManifest.xml:6:5-79
13-->src/main/AndroidManifest.xml:6:22-76
14    <uses-permission android:name="android.permission.BLUETOOTH" />
14-->src/main/AndroidManifest.xml:7:5-68
14-->src/main/AndroidManifest.xml:7:22-65
15    <uses-permission android:name="android.permission.CAMERA" />
15-->src/main/AndroidManifest.xml:8:5-65
15-->src/main/AndroidManifest.xml:8:22-62
16    <uses-permission android:name="android.permission.MODIFY_AUDIO_SETTINGS" />
16-->src/main/AndroidManifest.xml:9:5-80
16-->src/main/AndroidManifest.xml:9:22-77
17    <uses-permission android:name="android.permission.RECORD_AUDIO" />
17-->src/main/AndroidManifest.xml:10:5-71
17-->src/main/AndroidManifest.xml:10:22-68
18    <uses-permission android:name="android.permission.WAKE_LOCK" />
18-->src/main/AndroidManifest.xml:12:5-68
18-->src/main/AndroidManifest.xml:12:22-65
19    <uses-permission android:name="android.permission.VIBRATE" />
19-->src/main/AndroidManifest.xml:13:5-66
19-->src/main/AndroidManifest.xml:13:22-63
20    <uses-permission android:name="android.permission.WRITE_SETTINGS" />
20-->src/main/AndroidManifest.xml:14:5-73
20-->src/main/AndroidManifest.xml:14:22-70
21    <uses-permission android:name="android.permission.ACCESS_WIFI_STATE" />
21-->[com.facebook.flipper:flipper:0.93.0] AndroidManifest.xml:16:5-76
21-->[com.facebook.flipper:flipper:0.93.0] AndroidManifest.xml:16:22-73
22    <uses-permission android:name="android.permission.POST_NOTIFICATIONS" /> <!-- Required by older versions of Google Play services to create IID tokens -->
22-->[com.google.firebase:firebase-messaging:23.0.6] AndroidManifest.xml:26:5-77
22-->[com.google.firebase:firebase-messaging:23.0.6] AndroidManifest.xml:26:22-74
23    <uses-permission android:name="com.google.android.c2dm.permission.RECEIVE" />
23-->[com.google.firebase:firebase-messaging:23.0.6] AndroidManifest.xml:29:5-82
23-->[com.google.firebase:firebase-messaging:23.0.6] AndroidManifest.xml:29:22-79
24
25    <application
25-->src/main/AndroidManifest.xml:16:5-57:19
26        android:name="com.meetappr.MainApplication"
26-->src/main/AndroidManifest.xml:17:7-38
27        android:allowBackup="false"
27-->src/main/AndroidManifest.xml:21:7-34
28        android:appComponentFactory="androidx.core.app.CoreComponentFactory"
28-->[androidx.core:core:1.5.0] AndroidManifest.xml:24:18-86
29        android:debuggable="true"
30        android:icon="@mipmap/ic_launcher"
30-->src/main/AndroidManifest.xml:19:7-41
31        android:label="@string/app_name"
31-->src/main/AndroidManifest.xml:18:7-39
32        android:roundIcon="@mipmap/ic_launcher_round"
32-->src/main/AndroidManifest.xml:20:7-52
33        android:theme="@style/AppTheme"
33-->src/main/AndroidManifest.xml:23:7-38
34        android:usesCleartextTraffic="true" >
34-->src/main/AndroidManifest.xml:22:7-42
35        <activity android:name="com.facebook.react.devsupport.DevSettingsActivity" />
35-->src/debug/AndroidManifest.xml:11:9-86
35-->src/debug/AndroidManifest.xml:11:19-83
36
37        <meta-data
37-->src/main/AndroidManifest.xml:24:9-26:60
38            android:name="com.google.firebase.messaging.default_notification_icon"
38-->src/main/AndroidManifest.xml:25:13-83
39            android:resource="@drawable/ic_stat_ac_unit" />
39-->src/main/AndroidManifest.xml:26:13-57
40        <meta-data
40-->src/main/AndroidManifest.xml:27:9-29:47
41            android:name="com.google.firebase.messaging.default_notification_color"
41-->src/main/AndroidManifest.xml:28:13-84
42            android:resource="@color/white" />
42-->src/main/AndroidManifest.xml:29:13-44
43        <meta-data
43-->src/main/AndroidManifest.xml:30:9-33:71
44            android:name="com.google.firebase.messaging.default_notification_channel_id"
44-->src/main/AndroidManifest.xml:32:13-89
45            android:value="@string/default_notification_channel_id" />
45-->src/main/AndroidManifest.xml:33:13-68
46
47        <service
47-->src/main/AndroidManifest.xml:35:4-41:11
48            android:name="com.meetappr.MeetAppFirebaseMessagingService"
48-->src/main/AndroidManifest.xml:36:5-52
49            android:exported="false" >
49-->src/main/AndroidManifest.xml:37:5-29
50            <intent-filter>
50-->src/main/AndroidManifest.xml:38:5-40:21
51                <action android:name="com.google.firebase.MESSAGING_EVENT" />
51-->src/main/AndroidManifest.xml:39:9-70
51-->src/main/AndroidManifest.xml:39:17-67
52            </intent-filter>
53        </service>
54
55        <activity android:name="com.incomingcall.UnlockScreenActivity" />
55-->src/main/AndroidManifest.xml:42:7-72
55-->src/main/AndroidManifest.xml:42:17-69
56        <activity android:name="com.meetappr.IncomingCallScreenActivity" />
56-->src/main/AndroidManifest.xml:43:9-44:57
56-->src/main/AndroidManifest.xml:44:10-52
57        <activity
57-->src/main/AndroidManifest.xml:45:7-56:18
58            android:name="com.meetappr.MainActivity"
58-->src/main/AndroidManifest.xml:46:9-37
59            android:configChanges="keyboard|keyboardHidden|orientation|screenSize|uiMode"
59-->src/main/AndroidManifest.xml:48:9-86
60            android:label="@string/app_name"
60-->src/main/AndroidManifest.xml:47:9-41
61            android:launchMode="singleInstance"
61-->src/main/AndroidManifest.xml:49:9-44
62            android:windowSoftInputMode="adjustResize" >
62-->src/main/AndroidManifest.xml:51:9-51
63            <intent-filter>
63-->src/main/AndroidManifest.xml:52:9-55:25
64                <action android:name="android.intent.action.MAIN" />
64-->src/main/AndroidManifest.xml:53:13-65
64-->src/main/AndroidManifest.xml:53:21-62
65
66                <category android:name="android.intent.category.LAUNCHER" />
66-->src/main/AndroidManifest.xml:54:13-73
66-->src/main/AndroidManifest.xml:54:23-70
67            </intent-filter>
68        </activity>
69
70        <service
70-->[:react-native-firebase_messaging] AndroidManifest.xml:16:9-18:40
71            android:name="io.invertase.firebase.messaging.ReactNativeFirebaseMessagingHeadlessService"
71-->[:react-native-firebase_messaging] AndroidManifest.xml:17:13-103
72            android:exported="false" />
72-->[:react-native-firebase_messaging] AndroidManifest.xml:18:13-37
73        <service
73-->[:react-native-firebase_messaging] AndroidManifest.xml:19:9-25:19
74            android:name="io.invertase.firebase.messaging.ReactNativeFirebaseMessagingService"
74-->[:react-native-firebase_messaging] AndroidManifest.xml:20:13-95
75            android:exported="false" >
75-->[:react-native-firebase_messaging] AndroidManifest.xml:21:13-37
76            <intent-filter>
76-->src/main/AndroidManifest.xml:38:5-40:21
77                <action android:name="com.google.firebase.MESSAGING_EVENT" />
77-->src/main/AndroidManifest.xml:39:9-70
77-->src/main/AndroidManifest.xml:39:17-67
78            </intent-filter>
79        </service>
80
81        <receiver
81-->[:react-native-firebase_messaging] AndroidManifest.xml:27:9-34:20
82            android:name="io.invertase.firebase.messaging.ReactNativeFirebaseMessagingReceiver"
82-->[:react-native-firebase_messaging] AndroidManifest.xml:28:13-96
83            android:exported="true"
83-->[:react-native-firebase_messaging] AndroidManifest.xml:29:13-36
84            android:permission="com.google.android.c2dm.permission.SEND" >
84-->[:react-native-firebase_messaging] AndroidManifest.xml:30:13-73
85            <intent-filter>
85-->[:react-native-firebase_messaging] AndroidManifest.xml:31:13-33:29
86                <action android:name="com.google.android.c2dm.intent.RECEIVE" />
86-->[:react-native-firebase_messaging] AndroidManifest.xml:32:17-81
86-->[:react-native-firebase_messaging] AndroidManifest.xml:32:25-78
87            </intent-filter>
88        </receiver>
89
90        <meta-data
90-->[:react-native-firebase_messaging] AndroidManifest.xml:36:9-38:36
91            android:name="firebase_messaging_auto_init_enabled"
91-->[:react-native-firebase_messaging] AndroidManifest.xml:37:13-64
92            android:value="true" />
92-->[:react-native-firebase_messaging] AndroidManifest.xml:38:13-33
93        <meta-data
93-->[:react-native-firebase_app] AndroidManifest.xml:13:9-15:36
94            android:name="app_data_collection_default_enabled"
94-->[:react-native-firebase_app] AndroidManifest.xml:14:13-63
95            android:value="true" />
95-->[:react-native-firebase_app] AndroidManifest.xml:15:13-33
96
97        <service
97-->[:react-native-firebase_app] AndroidManifest.xml:17:9-25:19
98            android:name="com.google.firebase.components.ComponentDiscoveryService"
98-->[:react-native-firebase_app] AndroidManifest.xml:18:13-84
99            android:directBootAware="true"
99-->[:react-native-firebase_app] AndroidManifest.xml:19:13-43
100            android:exported="false" >
100-->[:react-native-firebase_app] AndroidManifest.xml:20:13-37
101            <meta-data
101-->[:react-native-firebase_app] AndroidManifest.xml:22:13-24:85
102                android:name="com.google.firebase.components:io.invertase.firebase.app.ReactNativeFirebaseAppRegistrar"
102-->[:react-native-firebase_app] AndroidManifest.xml:23:17-120
103                android:value="com.google.firebase.components.ComponentRegistrar" />
103-->[:react-native-firebase_app] AndroidManifest.xml:24:17-82
104            <meta-data
104-->[com.google.firebase:firebase-messaging:23.0.6] AndroidManifest.xml:56:13-58:85
105                android:name="com.google.firebase.components:com.google.firebase.messaging.FirebaseMessagingRegistrar"
105-->[com.google.firebase:firebase-messaging:23.0.6] AndroidManifest.xml:57:17-119
106                android:value="com.google.firebase.components.ComponentRegistrar" />
106-->[com.google.firebase:firebase-messaging:23.0.6] AndroidManifest.xml:58:17-82
107            <meta-data
107-->[com.google.firebase:firebase-datatransport:18.1.5] AndroidManifest.xml:28:13-30:85
108                android:name="com.google.firebase.components:com.google.firebase.datatransport.TransportRegistrar"
108-->[com.google.firebase:firebase-datatransport:18.1.5] AndroidManifest.xml:29:17-115
109                android:value="com.google.firebase.components.ComponentRegistrar" />
109-->[com.google.firebase:firebase-datatransport:18.1.5] AndroidManifest.xml:30:17-82
110            <meta-data
110-->[com.google.firebase:firebase-installations:17.0.1] AndroidManifest.xml:18:13-20:85
111                android:name="com.google.firebase.components:com.google.firebase.installations.FirebaseInstallationsRegistrar"
111-->[com.google.firebase:firebase-installations:17.0.1] AndroidManifest.xml:19:17-127
112                android:value="com.google.firebase.components.ComponentRegistrar" />
112-->[com.google.firebase:firebase-installations:17.0.1] AndroidManifest.xml:20:17-82
113        </service>
114
115        <provider
115-->[:react-native-firebase_app] AndroidManifest.xml:27:9-31:38
116            android:name="io.invertase.firebase.app.ReactNativeFirebaseAppInitProvider"
116-->[:react-native-firebase_app] AndroidManifest.xml:28:13-88
117            android:authorities="com.meetappr.reactnativefirebaseappinitprovider"
117-->[:react-native-firebase_app] AndroidManifest.xml:29:13-86
118            android:exported="false"
118-->[:react-native-firebase_app] AndroidManifest.xml:30:13-37
119            android:initOrder="99" />
119-->[:react-native-firebase_app] AndroidManifest.xml:31:13-35
120
121        <receiver
121-->[com.google.firebase:firebase-messaging:23.0.6] AndroidManifest.xml:32:9-39:20
122            android:name="com.google.firebase.iid.FirebaseInstanceIdReceiver"
122-->[com.google.firebase:firebase-messaging:23.0.6] AndroidManifest.xml:33:13-78
123            android:exported="true"
123-->[com.google.firebase:firebase-messaging:23.0.6] AndroidManifest.xml:34:13-36
124            android:permission="com.google.android.c2dm.permission.SEND" >
124-->[com.google.firebase:firebase-messaging:23.0.6] AndroidManifest.xml:35:13-73
125            <intent-filter>
125-->[:react-native-firebase_messaging] AndroidManifest.xml:31:13-33:29
126                <action android:name="com.google.android.c2dm.intent.RECEIVE" />
126-->[:react-native-firebase_messaging] AndroidManifest.xml:32:17-81
126-->[:react-native-firebase_messaging] AndroidManifest.xml:32:25-78
127            </intent-filter>
128        </receiver>
129        <!--
130             FirebaseMessagingService performs security checks at runtime,
131             but set to not exported to explicitly avoid allowing another app to call it.
132        -->
133        <service
133-->[com.google.firebase:firebase-messaging:23.0.6] AndroidManifest.xml:45:9-52:19
134            android:name="com.google.firebase.messaging.FirebaseMessagingService"
134-->[com.google.firebase:firebase-messaging:23.0.6] AndroidManifest.xml:46:13-82
135            android:directBootAware="true"
135-->[com.google.firebase:firebase-messaging:23.0.6] AndroidManifest.xml:47:13-43
136            android:exported="false" >
136-->[com.google.firebase:firebase-messaging:23.0.6] AndroidManifest.xml:48:13-37
137            <intent-filter android:priority="-500" >
137-->src/main/AndroidManifest.xml:38:5-40:21
138                <action android:name="com.google.firebase.MESSAGING_EVENT" />
138-->src/main/AndroidManifest.xml:39:9-70
138-->src/main/AndroidManifest.xml:39:17-67
139            </intent-filter>
140        </service>
141        <service
141-->[com.google.android.datatransport:transport-backend-cct:3.1.6] AndroidManifest.xml:29:9-35:19
142            android:name="com.google.android.datatransport.runtime.backends.TransportBackendDiscovery"
142-->[com.google.android.datatransport:transport-backend-cct:3.1.6] AndroidManifest.xml:30:13-103
143            android:exported="false" >
143-->[com.google.android.datatransport:transport-backend-cct:3.1.6] AndroidManifest.xml:31:13-37
144            <meta-data
144-->[com.google.android.datatransport:transport-backend-cct:3.1.6] AndroidManifest.xml:32:13-34:39
145                android:name="backend:com.google.android.datatransport.cct.CctBackendFactory"
145-->[com.google.android.datatransport:transport-backend-cct:3.1.6] AndroidManifest.xml:33:17-94
146                android:value="cct" />
146-->[com.google.android.datatransport:transport-backend-cct:3.1.6] AndroidManifest.xml:34:17-36
147        </service>
148        <service
148-->[com.google.android.datatransport:transport-runtime:3.1.6] AndroidManifest.xml:26:9-30:19
149            android:name="com.google.android.datatransport.runtime.scheduling.jobscheduling.JobInfoSchedulerService"
149-->[com.google.android.datatransport:transport-runtime:3.1.6] AndroidManifest.xml:27:13-117
150            android:exported="false"
150-->[com.google.android.datatransport:transport-runtime:3.1.6] AndroidManifest.xml:28:13-37
151            android:permission="android.permission.BIND_JOB_SERVICE" >
151-->[com.google.android.datatransport:transport-runtime:3.1.6] AndroidManifest.xml:29:13-69
152        </service>
153
154        <receiver
154-->[com.google.android.datatransport:transport-runtime:3.1.6] AndroidManifest.xml:32:9-34:40
155            android:name="com.google.android.datatransport.runtime.scheduling.jobscheduling.AlarmManagerSchedulerBroadcastReceiver"
155-->[com.google.android.datatransport:transport-runtime:3.1.6] AndroidManifest.xml:33:13-132
156            android:exported="false" />
156-->[com.google.android.datatransport:transport-runtime:3.1.6] AndroidManifest.xml:34:13-37
157
158        <provider
158-->[com.squareup.picasso:picasso:2.71828] AndroidManifest.xml:8:9-11:40
159            android:name="com.squareup.picasso.PicassoProvider"
159-->[com.squareup.picasso:picasso:2.71828] AndroidManifest.xml:9:13-64
160            android:authorities="com.meetappr.com.squareup.picasso"
160-->[com.squareup.picasso:picasso:2.71828] AndroidManifest.xml:10:13-72
161            android:exported="false" />
161-->[com.squareup.picasso:picasso:2.71828] AndroidManifest.xml:11:13-37
162
163        <activity
163-->[com.google.android.gms:play-services-auth:20.2.0] AndroidManifest.xml:23:9-27:75
164            android:name="com.google.android.gms.auth.api.signin.internal.SignInHubActivity"
164-->[com.google.android.gms:play-services-auth:20.2.0] AndroidManifest.xml:24:13-93
165            android:excludeFromRecents="true"
165-->[com.google.android.gms:play-services-auth:20.2.0] AndroidManifest.xml:25:13-46
166            android:exported="false"
166-->[com.google.android.gms:play-services-auth:20.2.0] AndroidManifest.xml:26:13-37
167            android:theme="@android:style/Theme.Translucent.NoTitleBar" />
167-->[com.google.android.gms:play-services-auth:20.2.0] AndroidManifest.xml:27:13-72
168        <!--
169            Service handling Google Sign-In user revocation. For apps that do not integrate with
170            Google Sign-In, this service will never be started.
171        -->
172        <service
172-->[com.google.android.gms:play-services-auth:20.2.0] AndroidManifest.xml:33:9-37:51
173            android:name="com.google.android.gms.auth.api.signin.RevocationBoundService"
173-->[com.google.android.gms:play-services-auth:20.2.0] AndroidManifest.xml:34:13-89
174            android:exported="true"
174-->[com.google.android.gms:play-services-auth:20.2.0] AndroidManifest.xml:35:13-36
175            android:permission="com.google.android.gms.auth.api.signin.permission.REVOCATION_NOTIFICATION"
175-->[com.google.android.gms:play-services-auth:20.2.0] AndroidManifest.xml:36:13-107
176            android:visibleToInstantApps="true" />
176-->[com.google.android.gms:play-services-auth:20.2.0] AndroidManifest.xml:37:13-48
177
178        <activity
178-->[com.google.android.gms:play-services-base:18.0.1] AndroidManifest.xml:20:9-22:45
179            android:name="com.google.android.gms.common.api.GoogleApiActivity"
179-->[com.google.android.gms:play-services-base:18.0.1] AndroidManifest.xml:20:19-85
180            android:exported="false"
180-->[com.google.android.gms:play-services-base:18.0.1] AndroidManifest.xml:22:19-43
181            android:theme="@android:style/Theme.Translucent.NoTitleBar" />
181-->[com.google.android.gms:play-services-base:18.0.1] AndroidManifest.xml:21:19-78
182
183        <provider
183-->[com.google.firebase:firebase-common:20.1.1] AndroidManifest.xml:26:9-31:39
184            android:name="com.google.firebase.provider.FirebaseInitProvider"
184-->[com.google.firebase:firebase-common:20.1.1] AndroidManifest.xml:27:13-77
185            android:authorities="com.meetappr.firebaseinitprovider"
185-->[com.google.firebase:firebase-common:20.1.1] AndroidManifest.xml:28:13-72
186            android:directBootAware="true"
186-->[com.google.firebase:firebase-common:20.1.1] AndroidManifest.xml:29:13-43
187            android:exported="false"
187-->[com.google.firebase:firebase-common:20.1.1] AndroidManifest.xml:30:13-37
188            android:initOrder="100" />
188-->[com.google.firebase:firebase-common:20.1.1] AndroidManifest.xml:31:13-36
189
190        <meta-data
190-->[com.google.android.gms:play-services-basement:18.0.0] AndroidManifest.xml:21:9-23:69
191            android:name="com.google.android.gms.version"
191-->[com.google.android.gms:play-services-basement:18.0.0] AndroidManifest.xml:22:13-58
192            android:value="@integer/google_play_services_version" />
192-->[com.google.android.gms:play-services-basement:18.0.0] AndroidManifest.xml:23:13-66
193    </application>
194
195</manifest>